2025-09-28 00:24:12,520 - ml_api - INFO - Iniciando aplicacin FastAPI...
2025-09-28 00:24:21,201 - ml_api - INFO - Modelos cargados correctamente
2025-09-28 00:24:43,543 - ml_api - INFO - Apagando aplicacin FastAPI...
2025-09-28 00:32:30,993 - ml_api - INFO - Iniciando aplicaci贸n FastAPI...
2025-09-28 00:32:32,299 - ml_api - INFO - Modelos cargados correctamente
2025-09-28 00:32:32,300 - ml_api - INFO - Servicio de predicci贸n inicializado correctamente
2025-09-28 00:34:50,847 - ml_api - INFO - Apagando aplicaci贸n FastAPI...
2025-09-28 00:34:53,062 - ml_api - INFO - Iniciando aplicaci贸n FastAPI...
2025-09-28 00:34:54,363 - ml_api - INFO - Modelos cargados correctamente
2025-09-28 00:34:54,363 - ml_api - INFO - Servicio de predicci贸n inicializado correctamente
2025-09-28 00:35:01,343 - ml_api - INFO - Apagando aplicaci贸n FastAPI...
2025-09-28 00:35:04,263 - ml_api - INFO - Iniciando aplicaci贸n FastAPI...
2025-09-28 00:35:05,716 - ml_api - INFO - Modelos cargados correctamente
2025-09-28 00:35:05,716 - ml_api - INFO - Servicio de predicci贸n inicializado correctamente
2025-09-28 00:35:09,498 - ml_api - INFO - Apagando aplicaci贸n FastAPI...
2025-09-28 00:35:11,776 - ml_api - INFO - Iniciando aplicaci贸n FastAPI...
2025-09-28 00:35:13,615 - ml_api - INFO - Modelos cargados correctamente
2025-09-28 00:35:13,615 - ml_api - INFO - Servicio de predicci贸n inicializado correctamente
2025-09-28 00:37:38,936 - ml_api - INFO - Apagando aplicaci贸n FastAPI...
2025-09-28 20:44:17,057 - ml_api - INFO - Iniciando aplicaci贸n FastAPI...
2025-09-28 20:44:23,529 - ml_api - INFO - Modelos cargados correctamente
2025-09-28 20:44:23,530 - ml_api - INFO - Servicio de predicci贸n inicializado correctamente
2025-09-28 20:48:54,894 - ml_api - INFO - Apagando aplicaci贸n FastAPI...
2025-09-28 21:13:15,415 - ml_api - INFO - Iniciando aplicaci贸n FastAPI...
2025-09-28 21:13:23,244 - ml_api - INFO - Modelos cargados correctamente
2025-09-28 21:13:23,244 - ml_api - INFO - Servicio de predicci贸n inicializado correctamente
2025-09-28 21:16:40,305 - ml_api - INFO - Apagando aplicaci贸n FastAPI...
2025-09-29 08:30:41,429 - ml_api - INFO - Iniciando aplicaci贸n FastAPI...
2025-09-29 08:30:44,879 - ml_api - INFO - Modelos cargados correctamente
2025-09-29 08:30:44,879 - ml_api - INFO - Servicio de predicci贸n inicializado correctamente
2025-09-29 08:47:54,569 - ml_api - INFO - Iniciando aplicaci贸n FastAPI...
2025-09-29 08:47:57,024 - ml_api - INFO - Modelos cargados correctamente
2025-09-29 08:47:57,024 - ml_api - INFO - Servicio de predicci贸n inicializado correctamente
2025-09-29 10:11:28,780 - ml_api - INFO - Iniciando aplicaci贸n FastAPI...
2025-09-29 10:11:35,487 - ml_api - INFO - Modelos cargados correctamente
2025-09-29 10:11:35,488 - ml_api - INFO - Servicio de predicci贸n inicializado correctamente
2025-09-29 09:06:50,042 - ml_api - INFO - Iniciando aplicaci贸n FastAPI...
2025-09-29 09:06:59,930 - ml_api - INFO - Modelos cargados correctamente
2025-09-29 09:06:59,953 - ml_api - INFO - Servicio de predicci贸n inicializado correctamente
2025-09-29 09:11:33,595 - ml_api - INFO - Apagando aplicaci贸n FastAPI...
